<?xml version="1.0" encoding="UTF-8"?>
<!-- Generated by org.testng.reporters.JUnitReportReporter -->
<testsuite hostname="GarvitDevice" failures="0" tests="1" name="com.dotKonnekt.tests.PageFooter" time="28.072" errors="0" timestamp="2023-03-28T10:47:21 IST" skipped="0">
  <testcase classname="com.dotKonnekt.tests.PageFooter" name="pageFooterLinks" time="28.072"/>
  <system-out/>
</testsuite> <!-- com.dotKonnekt.tests.PageFooter -->
