<?xml version="1.0" encoding="UTF-8"?>
<!-- Generated by org.testng.reporters.JUnitReportReporter -->
<testsuite hostname="GarvitDevice" failures="0" tests="1" name="com.dotKonnekt.tests.SearchPageTest" time="28.425" errors="0" timestamp="2023-03-27T17:04:42 IST" skipped="0">
  <testcase classname="com.dotKonnekt.tests.SearchPageTest" name="SearchPage_validate_RecentlyAdded_SearchFunctionalityforShopTab" time="28.425"/>
  <system-out/>
</testsuite> <!-- com.dotKonnekt.tests.SearchPageTest -->
