<?xml version="1.0" encoding="UTF-8"?>
<!-- Generated by org.testng.reporters.JUnitReportReporter -->
<testsuite hostname="GarvitDevice" failures="0" tests="6" name="com.dotKonnekt.tests.CategoryPageTest" time="76.298" errors="0" timestamp="2023-03-23T13:20:17 IST" skipped="1">
  <testcase classname="com.dotKonnekt.tests.CategoryPageTest" name="CategoryPage_NewArrivalSection" time="23.526"/>
  <system-out/>
  <testcase classname="com.dotKonnekt.tests.CategoryPageTest" name="CategoryPage_NewArrivalSection" time="14.809"/>
  <system-out/>
  <testcase classname="com.dotKonnekt.tests.CategoryPageTest" name="CategoryPage_NewArrivalSection" time="14.484"/>
  <system-out/>
  <testcase classname="com.dotKonnekt.tests.CategoryPageTest" name="CategoryPage_NewArrivalSection" time="18.012"/>
  <system-out/>
  <testcase classname="com.dotKonnekt.tests.CategoryPageTest" name="CategoryPage_NewArrivalSection" time="5.467"/>
  <system-out/>
  <testcase classname="com.dotKonnekt.tests.CategoryPageTest" name="CategoryPage_VerificationLoggedin">
    <skipped/>
  </testcase> <!-- CategoryPage_VerificationLoggedin -->
  <system-out/>
</testsuite> <!-- com.dotKonnekt.tests.CategoryPageTest -->
